{"E:\\Documentos\\IGTI - POS FULL STACK\\Projetos IGTI\\teste-tdd\\consulta-credito\\src\\calcula-valor.js": {"path":"E:\\Documentos\\IGTI - POS FULL STACK\\Projetos IGTI\\teste-tdd\\consulta-credito\\src\\calcula-valor.js","statementMap":{"0":{"start":{"line":2,"column":17},"end":{"line":2,"column":58}},"1":{"start":{"line":3,"column":2},"end":{"line":3,"column":33}},"2":{"start":{"line":4,"column":2},"end":{"line":4,"column":17}},"3":{"start":{"line":8,"column":19},"end":{"line":8,"column":22}},"4":{"start":{"line":10,"column":4},"end":{"line":10,"column":62}},"5":{"start":{"line":11,"column":2},"end":{"line":11,"column":23}},"6":{"start":{"line":15,"column":24},"end":{"line":15,"column":61}},"7":{"start":{"line":16,"column":20},"end":{"line":16,"column":61}},"8":{"start":{"line":18,"column":23},"end":{"line":18,"column":72}},"9":{"start":{"line":18,"column":58},"end":{"line":18,"column":71}},"10":{"start":{"line":19,"column":18},"end":{"line":19,"column":55}},"11":{"start":{"line":21,"column":16},"end":{"line":21,"column":38}},"12":{"start":{"line":22,"column":10},"end":{"line":22,"column":50}},"13":{"start":{"line":24,"column":2},"end":{"line":29,"column":3}},"14":{"start":{"line":25,"column":4},"end":{"line":25,"column":58}},"15":{"start":{"line":26,"column":4},"end":{"line":26,"column":70}},"16":{"start":{"line":26,"column":56},"end":{"line":26,"column":69}},"17":{"start":{"line":27,"column":4},"end":{"line":27,"column":53}},"18":{"start":{"line":28,"column":4},"end":{"line":28,"column":14}},"19":{"start":{"line":30,"column":2},"end":{"line":30,"column":18}},"20":{"start":{"line":33,"column":0},"end":{"line":37,"column":1}}},"fnMap":{"0":{"name":"calcularMontante","decl":{"start":{"line":1,"column":9},"end":{"line":1,"column":25}},"loc":{"start":{"line":1,"column":50},"end":{"line":5,"column":1}},"line":1},"1":{"name":"arredondar","decl":{"start":{"line":7,"column":9},"end":{"line":7,"column":19}},"loc":{"start":{"line":7,"column":27},"end":{"line":12,"column":1}},"line":7},"2":{"name":"calcularPrestacoes","decl":{"start":{"line":14,"column":9},"end":{"line":14,"column":27}},"loc":{"start":{"line":14,"column":54},"end":{"line":31,"column":1}},"line":14},"3":{"name":"(anonymous_3)","decl":{"start":{"line":18,"column":40},"end":{"line":18,"column":41}},"loc":{"start":{"line":18,"column":58},"end":{"line":18,"column":71}},"line":18},"4":{"name":"(anonymous_4)","decl":{"start":{"line":26,"column":38},"end":{"line":26,"column":39}},"loc":{"start":{"line":26,"column":56},"end":{"line":26,"column":69}},"line":26}},"branchMap":{"0":{"loc":{"start":{"line":21,"column":16},"end":{"line":21,"column":38}},"type":"cond-expr","locations":[{"start":{"line":21,"column":32},"end":{"line":21,"column":33}},{"start":{"line":21,"column":36},"end":{"line":21,"column":38}}],"line":21},"1":{"loc":{"start":{"line":22,"column":10},"end":{"line":22,"column":50}},"type":"cond-expr","locations":[{"start":{"line":22,"column":26},"end":{"line":22,"column":27}},{"start":{"line":22,"column":30},"end":{"line":22,"column":50}}],"line":22}},"s":{"0":2,"1":2,"2":2,"3":26,"4":26,"5":26,"6":5,"7":5,"8":5,"9":10,"10":5,"11":5,"12":5,"13":5,"14":4,"15":4,"16":14,"17":4,"18":4,"19":5,"20":1},"f":{"0":2,"1":26,"2":5,"3":10,"4":14},"b":{"0":[2,3],"1":[2,3]},"_coverageSchema":"1a1c01bbd47fc00a2c39e90264f33305004495a9","hash":"1fedc2f44445d535599b84aec8d466021c260ab2"}
,"E:\\Documentos\\IGTI - POS FULL STACK\\Projetos IGTI\\teste-tdd\\consulta-credito\\test\\extensoes.js": {"path":"E:\\Documentos\\IGTI - POS FULL STACK\\Projetos IGTI\\teste-tdd\\consulta-credito\\test\\extensoes.js","statementMap":{"0":{"start":{"line":1,"column":21},"end":{"line":1,"column":52}},"1":{"start":{"line":3,"column":0},"end":{"line":31,"column":2}},"2":{"start":{"line":5,"column":21},"end":{"line":7,"column":5}},"3":{"start":{"line":6,"column":37},"end":{"line":6,"column":50}},"4":{"start":{"line":8,"column":19},"end":{"line":8,"column":61}},"5":{"start":{"line":10,"column":4},"end":{"line":13,"column":5}},"6":{"start":{"line":11,"column":21},"end":{"line":11,"column":67}},"7":{"start":{"line":17,"column":4},"end":{"line":25,"column":5}},"8":{"start":{"line":17,"column":17},"end":{"line":17,"column":18}},"9":{"start":{"line":18,"column":16},"end":{"line":18,"column":21}},"10":{"start":{"line":19,"column":6},"end":{"line":24,"column":7}},"11":{"start":{"line":20,"column":8},"end":{"line":23,"column":9}},"12":{"start":{"line":21,"column":25},"end":{"line":21,"column":66}},"13":{"start":{"line":26,"column":4},"end":{"line":29,"column":5}},"14":{"start":{"line":27,"column":21},"end":{"line":27,"column":62}}},"fnMap":{"0":{"name":"(anonymous_0)","decl":{"start":{"line":4,"column":2},"end":{"line":4,"column":3}},"loc":{"start":{"line":4,"column":39},"end":{"line":14,"column":3}},"line":4},"1":{"name":"(anonymous_1)","decl":{"start":{"line":6,"column":19},"end":{"line":6,"column":20}},"loc":{"start":{"line":6,"column":37},"end":{"line":6,"column":50}},"line":6},"2":{"name":"(anonymous_2)","decl":{"start":{"line":11,"column":15},"end":{"line":11,"column":16}},"loc":{"start":{"line":11,"column":21},"end":{"line":11,"column":67}},"line":11},"3":{"name":"(anonymous_3)","decl":{"start":{"line":16,"column":2},"end":{"line":16,"column":3}},"loc":{"start":{"line":16,"column":25},"end":{"line":30,"column":3}},"line":16},"4":{"name":"(anonymous_4)","decl":{"start":{"line":21,"column":19},"end":{"line":21,"column":20}},"loc":{"start":{"line":21,"column":25},"end":{"line":21,"column":66}},"line":21},"5":{"name":"(anonymous_5)","decl":{"start":{"line":27,"column":15},"end":{"line":27,"column":16}},"loc":{"start":{"line":27,"column":21},"end":{"line":27,"column":62}},"line":27}},"branchMap":{"0":{"loc":{"start":{"line":19,"column":6},"end":{"line":24,"column":7}},"type":"if","locations":[{"start":{"line":19,"column":6},"end":{"line":24,"column":7}},{"start":{},"end":{}}],"line":19}},"s":{"0":1,"1":1,"2":2,"3":4,"4":2,"5":2,"6":0,"7":2,"8":2,"9":4,"10":4,"11":0,"12":0,"13":2,"14":0},"f":{"0":2,"1":4,"2":0,"3":2,"4":0,"5":0},"b":{"0":[0,4]},"_coverageSchema":"1a1c01bbd47fc00a2c39e90264f33305004495a9","hash":"46495171a3d109a078549fabc8cb9d0d79428406"}
}
