TN:
SF:consulta-credito\src\calcula-valor.js
FN:1,calcularMontante
FN:7,arredondar
FN:14,calcularPrestacoes
FN:18,(anonymous_3)
FN:26,(anonymous_4)
FNF:5
FNH:5
FNDA:2,calcularMontante
FNDA:26,arredondar
FNDA:5,calcularPrestacoes
FNDA:10,(anonymous_3)
FNDA:14,(anonymous_4)
DA:2,2
DA:3,2
DA:4,2
DA:8,26
DA:10,26
DA:11,26
DA:15,5
DA:16,5
DA:18,10
DA:19,5
DA:21,5
DA:22,5
DA:24,5
DA:25,4
DA:26,14
DA:27,4
DA:28,4
DA:30,5
DA:33,1
LF:19
LH:19
BRDA:21,0,0,2
BRDA:21,0,1,3
BRDA:22,1,0,2
BRDA:22,1,1,3
BRF:4
BRH:4
end_of_record
TN:
SF:consulta-credito\test\extensoes.js
FN:4,(anonymous_0)
FN:6,(anonymous_1)
FN:11,(anonymous_2)
FN:16,(anonymous_3)
FN:21,(anonymous_4)
FN:27,(anonymous_5)
FNF:6
FNH:3
FNDA:2,(anonymous_0)
FNDA:4,(anonymous_1)
FNDA:0,(anonymous_2)
FNDA:2,(anonymous_3)
FNDA:0,(anonymous_4)
FNDA:0,(anonymous_5)
DA:1,1
DA:3,1
DA:5,2
DA:6,4
DA:8,2
DA:10,2
DA:11,0
DA:17,2
DA:18,4
DA:19,4
DA:20,0
DA:21,0
DA:26,2
DA:27,0
LF:14
LH:10
BRDA:19,0,0,0
BRDA:19,0,1,4
BRF:2
BRH:1
end_of_record
