TN:
SF:src\calcula-valor.js
FN:1,calcularMontante
FN:7,arredondar
FN:14,calcularPrestacoes
FN:18,(anonymous_3)
FN:26,(anonymous_4)
FNF:5
FNH:5
FNDA:2,calcularMontante
FNDA:25,arredondar
FNDA:5,calcularPrestacoes
FNDA:10,(anonymous_3)
FNDA:14,(anonymous_4)
DA:2,2
DA:3,2
DA:4,2
DA:8,25
DA:10,25
DA:11,25
DA:15,5
DA:16,5
DA:18,10
DA:19,5
DA:21,5
DA:23,5
DA:24,5
DA:25,4
DA:26,14
DA:27,4
DA:28,4
DA:30,5
DA:33,1
LF:19
LH:19
BRDA:21,0,0,2
BRDA:21,0,1,3
BRDA:23,1,0,2
BRDA:23,1,1,3
BRF:4
BRH:4
end_of_record
